<?xml version="1.0" encoding="UTF-8"?>
<!-- Generated by org.testng.reporters.JUnitReportReporter -->
<testsuite hostname="LAPTOP-RGM0SVKG" failures="0" tests="2" name="com.bank.qa.testcases.LoginPageTest" time="82.583" errors="0" timestamp="2020-05-05T22:54:52 IST" skipped="0">
  <testcase classname="com.bank.qa.testcases.LoginPageTest" name="loginpagetitletest" time="18.956"/>
  <system-out/>
  <testcase classname="com.bank.qa.testcases.LoginPageTest" name="LoginTest" time="63.627"/>
  <system-out/>
</testsuite> <!-- com.bank.qa.testcases.LoginPageTest -->
